# JRE version: OpenJDK Runtime Environment Microsoft-8035246 (17.0.8+7) (build 17.0.8+7-LTS)
# Java VM: OpenJDK 64-Bit Server VM Microsoft-8035246 (17.0.8+7-LTS, mixed mode, tiered, compressed oops, compressed class ptrs, g1 gc, windows-amd64)
GC Precious Log:
 CPUs: 16 total, 16 available
 Memory: 15775M
 Large Page Support: Disabled
 NUMA Support: Disabled
 Compressed Oops: Enabled (Zero based)
 Heap Region Size: 4M
 Heap Min Capacity: 256M
 Heap Initial Capacity: 256M
 Heap Max Capacity: 6016M
 Pre-touch: Disabled
 Parallel Workers: 13
 Concurrent Workers: 3
 Concurrent Refinement Workers: 13
 Periodic GC: Disabled
Heap:
 garbage-first heap   total 262144K, used 89574K [0x0000000688000000, 0x0000000800000000)
  region size 4096K, 9 young (36864K), 3 survivors (12288K)
 Metaspace       used 25355K, committed 25728K, reserved 1114112K
  class space    used 2649K, committed 2816K, reserved 1048576K
GC Heap History (20 events):
Event: 0.582 GC heap before
{Heap before GC invocations=0 (full 0):
 garbage-first heap   total 262144K, used 20480K [0x0000000688000000, 0x0000000800000000)
  region size 4096K, 5 young (20480K), 0 survivors (0K)
 Metaspace       used 9968K, committed 10176K, reserved 1114112K
  class space    used 901K, committed 1024K, reserved 1048576K
}
Event: 0.585 GC heap after
{Heap after GC invocations=1 (full 0):
 garbage-first heap   total 262144K, used 8261K [0x0000000688000000, 0x0000000800000000)
  region size 4096K, 1 young (4096K), 1 survivors (4096K)
 Metaspace       used 9968K, committed 10176K, reserved 1114112K
  class space    used 901K, committed 1024K, reserved 1048576K
}
Event: 0.744 GC heap before
{Heap before GC invocations=1 (full 0):
 garbage-first heap   total 262144K, used 12357K [0x0000000688000000, 0x0000000800000000)
  region size 4096K, 3 young (12288K), 1 survivors (4096K)
 Metaspace       used 12365K, committed 12608K, reserved 1114112K
  class space    used 1135K, committed 1280K, reserved 1048576K
}
Event: 0.747 GC heap after
{Heap after GC invocations=2 (full 0):
 garbage-first heap   total 262144K, used 9495K [0x0000000688000000, 0x0000000800000000)
  region size 4096K, 1 young (4096K), 1 survivors (4096K)
 Metaspace       used 12365K, committed 12608K, reserved 1114112K
  class space    used 1135K, committed 1280K, reserved 1048576K
}
Event: 1.187 GC heap before
{Heap before GC invocations=2 (full 0):
 garbage-first heap   total 262144K, used 66839K [0x0000000688000000, 0x0000000800000000)
  region size 4096K, 15 young (61440K), 1 survivors (4096K)
 Metaspace       used 12553K, committed 12800K, reserved 1114112K
  class space    used 1151K, committed 1280K, reserved 1048576K
}
Event: 1.201 GC heap after
{Heap after GC invocations=3 (full 0):
 garbage-first heap   total 262144K, used 16800K [0x0000000688000000, 0x0000000800000000)
  region size 4096K, 2 young (8192K), 2 survivors (8192K)
 Metaspace       used 12553K, committed 12800K, reserved 1114112K
  class space    used 1151K, committed 1280K, reserved 1048576K
}
Event: 1.893 GC heap before
{Heap before GC invocations=3 (full 0):
 garbage-first heap   total 262144K, used 164256K [0x0000000688000000, 0x0000000800000000)
  region size 4096K, 38 young (155648K), 2 survivors (8192K)
 Metaspace       used 12712K, committed 12928K, reserved 1114112K
  class space    used 1160K, committed 1280K, reserved 1048576K
}
Event: 1.913 GC heap after
{Heap after GC invocations=4 (full 0):
 garbage-first heap   total 262144K, used 22051K [0x0000000688000000, 0x0000000800000000)
  region size 4096K, 4 young (16384K), 4 survivors (16384K)
 Metaspace       used 12712K, committed 12928K, reserved 1114112K
  class space    used 1160K, committed 1280K, reserved 1048576K
}
Event: 2.330 GC heap before
{Heap before GC invocations=4 (full 0):
 garbage-first heap   total 262144K, used 161315K [0x0000000688000000, 0x0000000800000000)
  region size 4096K, 38 young (155648K), 4 survivors (16384K)
 Metaspace       used 14010K, committed 14272K, reserved 1114112K
  class space    used 1302K, committed 1408K, reserved 1048576K
}
Event: 2.337 GC heap after
{Heap after GC invocations=5 (full 0):
 garbage-first heap   total 262144K, used 30268K [0x0000000688000000, 0x0000000800000000)
  region size 4096K, 4 young (16384K), 4 survivors (16384K)
 Metaspace       used 14010K, committed 14272K, reserved 1114112K
  class space    used 1302K, committed 1408K, reserved 1048576K
}
Event: 2.968 GC heap before
{Heap before GC invocations=5 (full 0):
 garbage-first heap   total 262144K, used 67132K [0x0000000688000000, 0x0000000800000000)
  region size 4096K, 14 young (57344K), 4 survivors (16384K)
 Metaspace       used 21232K, committed 21504K, reserved 1114112K
  class space    used 2171K, committed 2304K, reserved 1048576K
}
Event: 2.977 GC heap after
{Heap after GC invocations=6 (full 0):
 garbage-first heap   total 315392K, used 33163K [0x0000000688000000, 0x0000000800000000)
  region size 4096K, 3 young (12288K), 3 survivors (12288K)
 Metaspace       used 21232K, committed 21504K, reserved 1114112K
  class space    used 2171K, committed 2304K, reserved 1048576K
}
Event: 3.716 GC heap before
{Heap before GC invocations=7 (full 0):
 garbage-first heap   total 262144K, used 176523K [0x0000000688000000, 0x0000000800000000)
  region size 4096K, 38 young (155648K), 3 survivors (12288K)
 Metaspace       used 24021K, committed 24320K, reserved 1114112K
  class space    used 2547K, committed 2688K, reserved 1048576K
}
Event: 3.730 GC heap after
{Heap after GC invocations=8 (full 0):
 garbage-first heap   total 262144K, used 43426K [0x0000000688000000, 0x0000000800000000)
  region size 4096K, 5 young (20480K), 5 survivors (20480K)
 Metaspace       used 24021K, committed 24320K, reserved 1114112K
  class space    used 2547K, committed 2688K, reserved 1048576K
}
Event: 3.772 GC heap before
{Heap before GC invocations=8 (full 0):
 garbage-first heap   total 262144K, used 47522K [0x0000000688000000, 0x0000000800000000)
  region size 4096K, 6 young (24576K), 5 survivors (20480K)
 Metaspace       used 24026K, committed 24320K, reserved 1114112K
  class space    used 2547K, committed 2688K, reserved 1048576K
}
Event: 3.802 GC heap after
{Heap after GC invocations=9 (full 0):
 garbage-first heap   total 262144K, used 45351K [0x0000000688000000, 0x0000000800000000)
  region size 4096K, 1 young (4096K), 1 survivors (4096K)
 Metaspace       used 24026K, committed 24320K, reserved 1114112K
  class space    used 2547K, committed 2688K, reserved 1048576K
}
Event: 4.202 GC heap before
{Heap before GC invocations=9 (full 0):
 garbage-first heap   total 262144K, used 196903K [0x0000000688000000, 0x0000000800000000)
  region size 4096K, 38 young (155648K), 1 survivors (4096K)
 Metaspace       used 24098K, committed 24384K, reserved 1114112K
  class space    used 2547K, committed 2688K, reserved 1048576K
}
Event: 4.205 GC heap after
{Heap after GC invocations=10 (full 0):
 garbage-first heap   total 262144K, used 56478K [0x0000000688000000, 0x0000000800000000)
  region size 4096K, 4 young (16384K), 4 survivors (16384K)
 Metaspace       used 24098K, committed 24384K, reserved 1114112K
  class space    used 2547K, committed 2688K, reserved 1048576K
}
Event: 4.465 GC heap before
{Heap before GC invocations=10 (full 0):
 garbage-first heap   total 262144K, used 191646K [0x0000000688000000, 0x0000000800000000)
  region size 4096K, 37 young (151552K), 4 survivors (16384K)
 Metaspace       used 24141K, committed 24384K, reserved 1114112K
  class space    used 2547K, committed 2688K, reserved 1048576K
}
Event: 4.471 GC heap after
{Heap after GC invocations=11 (full 0):
 garbage-first heap   total 262144K, used 69094K [0x0000000688000000, 0x0000000800000000)
  region size 4096K, 3 young (12288K), 3 survivors (12288K)
 Metaspace       used 24141K, committed 24384K, reserved 1114112K
  class space    used 2547K, committed 2688K, reserved 1048576K
}

